\BOOKMARK [1][-]{section*.1}{\376\377\0001\000.\137\025\212\000}{}% 1
\BOOKMARK [2][-]{section*.2}{\376\377\0001\000.\0001\177\026\121\231\166\356\166\204}{section*.1}% 2
\BOOKMARK [2][-]{section*.3}{\376\377\0001\000.\0002\166\370\121\163\200\314\146\157}{section*.1}% 3
\BOOKMARK [2][-]{section*.4}{\376\377\0001\000.\0003\133\232\116\111\220\350\122\006}{section*.1}% 4
\BOOKMARK [1][-]{section*.15}{\376\377\0002\000.\116\373\122\241\151\202\217\360}{}% 5
\BOOKMARK [2][-]{section*.16}{\376\377\0002\000.\0001\174\373\176\337\151\202\217\360}{section*.15}% 6
\BOOKMARK [2][-]{section*.17}{\376\377\0002\000.\0002\174\373\176\337\176\304\142\020}{section*.15}% 7
\BOOKMARK [2][-]{section*.18}{\376\377\0002\000.\0003\165\050\142\067\162\171\160\271}{section*.15}% 8
\BOOKMARK [2][-]{section*.19}{\376\377\0002\000.\0004\120\107\133\232\124\214\176\246\147\137}{section*.15}% 9
\BOOKMARK [1][-]{section*.20}{\376\377\0003\000.\227\000\154\102\211\304\133\232}{}% 10
\BOOKMARK [2][-]{section*.21}{\376\377\0003\000.\0001\122\237\200\375\211\201\154\102}{section*.20}% 11
\BOOKMARK [2][-]{section*.22}{\376\377\0003\000.\0002\140\047\200\375\211\201\154\102}{section*.20}% 12
\BOOKMARK [2][-]{section*.23}{\376\377\0003\000.\0003\143\245\123\343\211\201\154\102}{section*.20}% 13
\BOOKMARK [2][-]{section*.24}{\376\377\0003\000.\0004\165\114\227\142\211\201\154\102}{section*.20}% 14
\BOOKMARK [1][-]{section*.25}{\376\377\0004\000.\165\050\142\067\127\072\146\157}{}% 15
\BOOKMARK [2][-]{section*.26}{\376\377\0004\000.\0000\140\073\117\123\150\106\147\266\116\313\176\315}{section*.25}% 16
\BOOKMARK [2][-]{section*.37}{\376\377\0004\000.\0001\000E\000-\000R\126\376}{section*.25}% 17
\BOOKMARK [2][-]{section*.39}{\376\377\0004\000.\0002\165\050\117\213\126\376}{section*.25}% 18
\BOOKMARK [2][-]{section*.41}{\376\377\0004\000.\0003\155\101\172\013\126\376}{section*.25}% 19
\BOOKMARK [2][-]{section*.43}{\376\377\0004\000.\0004\145\160\143\156\155\101\126\376}{section*.25}% 20
\BOOKMARK [2][-]{section*.45}{\376\377\0004\000.\0005\174\173\126\376}{section*.25}% 21
\BOOKMARK [2][-]{section*.47}{\376\377\0004\000.\0006\162\266\140\001\126\376}{section*.25}% 22
\BOOKMARK [2][-]{section*.49}{\376\377\0004\000.\0007\145\366\136\217\126\376}{section*.25}% 23
\BOOKMARK [2][-]{section*.51}{\376\377\0004\000.\0008\000\040\000C\000R\000C\123\141}{section*.25}% 24
\BOOKMARK [1][-]{section*.53}{\376\377\0005\000.\217\320\210\114\163\257\130\203}{}% 25
\BOOKMARK [2][-]{section*.54}{\376\377\0005\000.\0001\147\015\122\241\172\357\217\157\170\154\116\366\221\115\177\156\227\000\154\102}{section*.53}% 26
\BOOKMARK [2][-]{section*.55}{\376\377\0005\000.\0002\133\242\142\067\172\357\217\157\170\154\116\366\221\115\177\156\227\000\154\102}{section*.53}% 27
\BOOKMARK [2][-]{section*.56}{\376\377\0005\000.\0003\227\000\154\102\123\330\146\364\211\304\203\003}{section*.53}% 28
\BOOKMARK [2][-]{section*.57}{\376\377\0005\000.\0004\145\105\226\234\131\004\164\006\211\304\203\003}{section*.53}% 29
\BOOKMARK [1][-]{section*.58}{\376\377\0006\000.\140\073\176\323}{}% 30
